[INFO] Scanning for projects...
[INFO] 
[INFO] ------------------------< com.exam:examportal >-------------------------
[INFO] Building examportal 0.0.1-SNAPSHOT
[INFO] --------------------------------[ jar ]---------------------------------
[INFO] Downloading from central: https://repo.maven.apache.org/maven2/org/apache/maven/plugins/maven-clean-plugin/3.1.0/maven-clean-plugin-3.1.0.pom
[INFO] Downloaded from central: https://repo.maven.apache.org/maven2/org/apache/maven/plugins/maven-clean-plugin/3.1.0/maven-clean-plugin-3.1.0.pom (5.2 kB at 4.9 kB/s)
[INFO] 
[INFO] --- maven-clean-plugin:3.1.0:clean (default-clean) @ examportal ---
[INFO] Deleting C:\Users\suraj\OneDrive\Desktop\DomainProject\Backend\target
[INFO] 
[INFO] --- maven-resources-plugin:3.1.0:resources (default-resources) @ examportal ---
[INFO] Using 'UTF-8' encoding to copy filtered resources.
[INFO] Copying 1 resource
[INFO] Copying 0 resource
[INFO] 
[INFO] --- maven-compiler-plugin:3.8.1:compile (default-compile) @ examportal ---
[INFO] Changes detected - recompiling the module!
[INFO] Compiling 35 source files to C:\Users\suraj\OneDrive\Desktop\DomainProject\Backend\target\classes
[INFO] /C:/Users/suraj/OneDrive/Desktop/DomainProject/Backend/src/main/java/com/exam/examportal/controllers/QuestionController.java: C:\Users\suraj\OneDrive\Desktop\DomainProject\Backend\src\main\java\com\exam\examportal\controllers\QuestionController.java uses unchecked or unsafe operations.
[INFO] /C:/Users/suraj/OneDrive/Desktop/DomainProject/Backend/src/main/java/com/exam/examportal/controllers/QuestionController.java: Recompile with -Xlint:unchecked for details.
[INFO] ------------------------------------------------------------------------
[INFO] BUILD SUCCESS
[INFO] ------------------------------------------------------------------------
[INFO] Total time:  6.487 s
[INFO] Finished at: 2026-03-03T09:56:31+05:30
[INFO] ------------------------------------------------------------------------
